<?xml version="1.0" encoding="UTF-8"?>
<testng-results ignored="0" total="1" passed="1" failed="0" skipped="0">
  <reporter-output>
  </reporter-output>
  <suite started-at="2022-07-20T16:45:12Z" name="Default suite" finished-at="2022-07-20T16:45:20Z" duration-ms="8163">
    <groups>
    </groups>
    <test started-at="2022-07-20T16:45:12Z" name="Default test" finished-at="2022-07-20T16:45:20Z" duration-ms="8163">
      <class name="Phase3End.CollectionPhase3">
        <test-method signature="Collection()[pri:0, instance:Phase3End.CollectionPhase3@479ceda0]" started-at="2022-07-20T16:45:12Z" name="Collection" finished-at="2022-07-20T16:45:20Z" duration-ms="8117" status="PASS">
          <reporter-output>
          </reporter-output>
        </test-method> <!-- Collection -->
      </class> <!-- Phase3End.CollectionPhase3 -->
    </test> <!-- Default test -->
  </suite> <!-- Default suite -->
</testng-results>
